Iterations: 38886
Time taken: 22.939908
x,	phi(x,0)
-1.0000	+0.0000
-0.9900	+0.0037
-0.9800	+0.0074
-0.9700	+0.0109
-0.9600	+0.0144
-0.9500	+0.0178
-0.9400	+0.0210
-0.9300	+0.0242
-0.9200	+0.0273
-0.9100	+0.0303
-0.9000	+0.0333
-0.8900	+0.0361
-0.8800	+0.0389
-0.8700	+0.0416
-0.8600	+0.0442
-0.8500	+0.0467
-0.8400	+0.0491
-0.8300	+0.0515
-0.8200	+0.0539
-0.8100	+0.0561
-0.8000	+0.0583
-0.7900	+0.0604
-0.7800	+0.0624
-0.7700	+0.0644
-0.7600	+0.0664
-0.7500	+0.0682
-0.7400	+0.0700
-0.7300	+0.0718
-0.7200	+0.0735
-0.7100	+0.0752
-0.7000	+0.0768
-0.6900	+0.0783
-0.6800	+0.0798
-0.6700	+0.0813
-0.6600	+0.0827
-0.6500	+0.0841
-0.6400	+0.0854
-0.6300	+0.0867
-0.6200	+0.0879
-0.6100	+0.0891
-0.6000	+0.0903
-0.5900	+0.0914
-0.5800	+0.0926
-0.5700	+0.0936
-0.5600	+0.0947
-0.5500	+0.0957
-0.5400	+0.0967
-0.5300	+0.0976
-0.5200	+0.0986
-0.5100	+0.0995
-0.5000	+0.1004
-0.4900	+0.1013
-0.4800	+0.1021
-0.4700	+0.1029
-0.4600	+0.1037
-0.4500	+0.1045
-0.4400	+0.1053
-0.4300	+0.1061
-0.4200	+0.1068
-0.4100	+0.1076
-0.4000	+0.1083
-0.3900	+0.1090
-0.3800	+0.1097
-0.3700	+0.1104
-0.3600	+0.1111
-0.3500	+0.1118
-0.3400	+0.1125
-0.3300	+0.1131
-0.3200	+0.1138
-0.3100	+0.1145
-0.3000	+0.1151
-0.2900	+0.1158
-0.2800	+0.1165
-0.2700	+0.1171
-0.2600	+0.1178
-0.2500	+0.1184
-0.2400	+0.1191
-0.2300	+0.1198
-0.2200	+0.1205
-0.2100	+0.1211
-0.2000	+0.1218
-0.1900	+0.1225
-0.1800	+0.1232
-0.1700	+0.1239
-0.1600	+0.1246
-0.1500	+0.1253
-0.1400	+0.1261
-0.1300	+0.1268
-0.1200	+0.1276
-0.1100	+0.1283
-0.1000	+0.1291
-0.0900	+0.1299
-0.0800	+0.1306
-0.0700	+0.1314
-0.0600	+0.1323
-0.0500	+0.1331
-0.0400	+0.1339
-0.0300	+0.1348
-0.0200	+0.1356
-0.0100	+0.1365
+0.0000	+0.1374
+0.0100	+0.1383
+0.0200	+0.1392
+0.0300	+0.1402
+0.0400	+0.1411
+0.0500	+0.1421
+0.0600	+0.1431
+0.0700	+0.1441
+0.0800	+0.1451
+0.0900	+0.1461
+0.1000	+0.1471
+0.1100	+0.1482
+0.1200	+0.1493
+0.1300	+0.1504
+0.1400	+0.1515
+0.1500	+0.1526
+0.1600	+0.1537
+0.1700	+0.1549
+0.1800	+0.1560
+0.1900	+0.1572
+0.2000	+0.1584
+0.2100	+0.1596
+0.2200	+0.1608
+0.2300	+0.1621
+0.2400	+0.1633
+0.2500	+0.1646
+0.2600	+0.1659
+0.2700	+0.1672
+0.2800	+0.1685
+0.2900	+0.1698
+0.3000	+0.1711
+0.3100	+0.1724
+0.3200	+0.1738
+0.3300	+0.1752
+0.3400	+0.1765
+0.3500	+0.1779
+0.3600	+0.1793
+0.3700	+0.1807
+0.3800	+0.1821
+0.3900	+0.1835
+0.4000	+0.1850
+0.4100	+0.1864
+0.4200	+0.1879
+0.4300	+0.1893
+0.4400	+0.1908
+0.4500	+0.1922
+0.4600	+0.1937
+0.4700	+0.1951
+0.4800	+0.1966
+0.4900	+0.1981
+0.5000	+0.1995
+0.5100	+0.2010
+0.5200	+0.2025
+0.5300	+0.2039
+0.5400	+0.2054
+0.5500	+0.2069
+0.5600	+0.2083
+0.5700	+0.2098
+0.5800	+0.2112
+0.5900	+0.2127
+0.6000	+0.2141
+0.6100	+0.2155
+0.6200	+0.2169
+0.6300	+0.2183
+0.6400	+0.2197
+0.6500	+0.2211
+0.6600	+0.2225
+0.6700	+0.2238
+0.6800	+0.2252
+0.6900	+0.2265
+0.7000	+0.2278
+0.7100	+0.2290
+0.7200	+0.2303
+0.7300	+0.2315
+0.7400	+0.2327
+0.7500	+0.2339
+0.7600	+0.2351
+0.7700	+0.2362
+0.7800	+0.2373
+0.7900	+0.2383
+0.8000	+0.2394
+0.8100	+0.2404
+0.8200	+0.2413
+0.8300	+0.2422
+0.8400	+0.2431
+0.8500	+0.2440
+0.8600	+0.2448
+0.8700	+0.2455
+0.8800	+0.2463
+0.8900	+0.2469
+0.9000	+0.2475
+0.9100	+0.2481
+0.9200	+0.2486
+0.9300	+0.2491
+0.9400	+0.2495
+0.9500	+0.2498
+0.9600	+0.2501
+0.9700	+0.2504
+0.9800	+0.2505
+0.9900	+0.2506
+1.0000	+0.2507

y,	phi(0,y)
-1.0000	+0.0000
-0.9900	+0.0043
-0.9800	+0.0086
-0.9700	+0.0127
-0.9600	+0.0168
-0.9500	+0.0207
-0.9400	+0.0246
-0.9300	+0.0284
-0.9200	+0.0320
-0.9100	+0.0356
-0.9000	+0.0391
-0.8900	+0.0425
-0.8800	+0.0458
-0.8700	+0.0491
-0.8600	+0.0522
-0.8500	+0.0552
-0.8400	+0.0582
-0.8300	+0.0611
-0.8200	+0.0639
-0.8100	+0.0666
-0.8000	+0.0693
-0.7900	+0.0718
-0.7800	+0.0743
-0.7700	+0.0767
-0.7600	+0.0791
-0.7500	+0.0813
-0.7400	+0.0835
-0.7300	+0.0856
-0.7200	+0.0877
-0.7100	+0.0897
-0.7000	+0.0916
-0.6900	+0.0934
-0.6800	+0.0952
-0.6700	+0.0969
-0.6600	+0.0986
-0.6500	+0.1002
-0.6400	+0.1017
-0.6300	+0.1032
-0.6200	+0.1046
-0.6100	+0.1060
-0.6000	+0.1073
-0.5900	+0.1086
-0.5800	+0.1098
-0.5700	+0.1110
-0.5600	+0.1121
-0.5500	+0.1132
-0.5400	+0.1143
-0.5300	+0.1153
-0.5200	+0.1162
-0.5100	+0.1171
-0.5000	+0.1180
-0.4900	+0.1189
-0.4800	+0.1197
-0.4700	+0.1205
-0.4600	+0.1212
-0.4500	+0.1219
-0.4400	+0.1226
-0.4300	+0.1233
-0.4200	+0.1239
-0.4100	+0.1245
-0.4000	+0.1251
-0.3900	+0.1257
-0.3800	+0.1262
-0.3700	+0.1267
-0.3600	+0.1272
-0.3500	+0.1277
-0.3400	+0.1282
-0.3300	+0.1286
-0.3200	+0.1290
-0.3100	+0.1294
-0.3000	+0.1298
-0.2900	+0.1302
-0.2800	+0.1306
-0.2700	+0.1310
-0.2600	+0.1313
-0.2500	+0.1317
-0.2400	+0.1320
-0.2300	+0.1323
-0.2200	+0.1326
-0.2100	+0.1329
-0.2000	+0.1332
-0.1900	+0.1335
-0.1800	+0.1338
-0.1700	+0.1341
-0.1600	+0.1343
-0.1500	+0.1346
-0.1400	+0.1348
-0.1300	+0.1351
-0.1200	+0.1353
-0.1100	+0.1355
-0.1000	+0.1357
-0.0900	+0.1359
-0.0800	+0.1361
-0.0700	+0.1363
-0.0600	+0.1365
-0.0500	+0.1367
-0.0400	+0.1369
-0.0300	+0.1370
-0.0200	+0.1372
-0.0100	+0.1373
+0.0000	+0.1374
+0.0100	+0.1375
+0.0200	+0.1376
+0.0300	+0.1377
+0.0400	+0.1378
+0.0500	+0.1378
+0.0600	+0.1379
+0.0700	+0.1379
+0.0800	+0.1379
+0.0900	+0.1379
+0.1000	+0.1379
+0.1100	+0.1379
+0.1200	+0.1379
+0.1300	+0.1378
+0.1400	+0.1377
+0.1500	+0.1376
+0.1600	+0.1375
+0.1700	+0.1373
+0.1800	+0.1372
+0.1900	+0.1370
+0.2000	+0.1368
+0.2100	+0.1366
+0.2200	+0.1363
+0.2300	+0.1360
+0.2400	+0.1357
+0.2500	+0.1354
+0.2600	+0.1351
+0.2700	+0.1347
+0.2800	+0.1343
+0.2900	+0.1339
+0.3000	+0.1334
+0.3100	+0.1329
+0.3200	+0.1324
+0.3300	+0.1319
+0.3400	+0.1313
+0.3500	+0.1307
+0.3600	+0.1301
+0.3700	+0.1294
+0.3800	+0.1288
+0.3900	+0.1280
+0.4000	+0.1273
+0.4100	+0.1265
+0.4200	+0.1257
+0.4300	+0.1249
+0.4400	+0.1240
+0.4500	+0.1231
+0.4600	+0.1221
+0.4700	+0.1212
+0.4800	+0.1202
+0.4900	+0.1191
+0.5000	+0.1180
+0.5100	+0.1169
+0.5200	+0.1158
+0.5300	+0.1146
+0.5400	+0.1133
+0.5500	+0.1121
+0.5600	+0.1108
+0.5700	+0.1094
+0.5800	+0.1080
+0.5900	+0.1066
+0.6000	+0.1051
+0.6100	+0.1036
+0.6200	+0.1021
+0.6300	+0.1005
+0.6400	+0.0988
+0.6500	+0.0972
+0.6600	+0.0954
+0.6700	+0.0936
+0.6800	+0.0918
+0.6900	+0.0899
+0.7000	+0.0880
+0.7100	+0.0860
+0.7200	+0.0840
+0.7300	+0.0819
+0.7400	+0.0798
+0.7500	+0.0776
+0.7600	+0.0753
+0.7700	+0.0730
+0.7800	+0.0706
+0.7900	+0.0682
+0.8000	+0.0657
+0.8100	+0.0631
+0.8200	+0.0605
+0.8300	+0.0578
+0.8400	+0.0551
+0.8500	+0.0522
+0.8600	+0.0493
+0.8700	+0.0463
+0.8800	+0.0433
+0.8900	+0.0401
+0.9000	+0.0369
+0.9100	+0.0336
+0.9200	+0.0302
+0.9300	+0.0268
+0.9400	+0.0232
+0.9500	+0.0196
+0.9600	+0.0159
+0.9700	+0.0120
+0.9800	+0.0081
+0.9900	+0.0041
+1.0000	+0.0000
